<?xml version="1.0" encoding="UTF-8"?>
<testsuite xmlns:xsi="http://www.w3.org/2001/XMLSchema-instance" xsi:noNamespaceSchemaLocation="https://maven.apache.org/surefire/maven-surefire-plugin/xsd/surefire-test-report-3.0.xsd" version="3.0" name="benchmarks.jmh_generated.MyBenchmark_testMethod_jmhTest" time="0.006" tests="0" errors="0" skipped="0" failures="0">
  <properties>
    <property name="java.specification.version" value="17"/>
    <property name="sun.jnu.encoding" value="UTF-8"/>
    <property name="java.class.path" value="/Users/tiopipi/Desktop/matrix_complexity/Code/matrix_complexity_java/target/test-classes:/Users/tiopipi/Desktop/matrix_complexity/Code/matrix_complexity_java/target/classes:/Users/tiopipi/.m2/repository/org/openjdk/jmh/jmh-core/1.35/jmh-core-1.35.jar:/Users/tiopipi/.m2/repository/net/sf/jopt-simple/jopt-simple/5.0.4/jopt-simple-5.0.4.jar:/Users/tiopipi/.m2/repository/org/apache/commons/commons-math3/3.2/commons-math3-3.2.jar:/Users/tiopipi/.m2/repository/org/openjdk/jmh/jmh-generator-annprocess/1.35/jmh-generator-annprocess-1.35.jar:"/>
    <property name="java.vm.vendor" value="JetBrains s.r.o."/>
    <property name="sun.arch.data.model" value="64"/>
    <property name="java.vendor.url" value="https://openjdk.java.net/"/>
    <property name="os.name" value="Mac OS X"/>
    <property name="java.vm.specification.version" value="17"/>
    <property name="sun.java.launcher" value="SUN_STANDARD"/>
    <property name="user.country" value="IC"/>
    <property name="sun.boot.library.path" value="/Users/tiopipi/Library/Java/JavaVirtualMachines/jbr-17.0.12/Contents/Home/lib"/>
    <property name="sun.java.command" value="/Users/tiopipi/Desktop/matrix_complexity/Code/matrix_complexity_java/target/surefire/surefirebooter-20241015101753225_3.jar /Users/tiopipi/Desktop/matrix_complexity/Code/matrix_complexity_java/target/surefire 2024-10-15T10-17-53_184-jvmRun1 surefire-20241015101753225_1tmp surefire_0-20241015101753225_2tmp"/>
    <property name="jdk.debug" value="release"/>
    <property name="surefire.test.class.path" value="/Users/tiopipi/Desktop/matrix_complexity/Code/matrix_complexity_java/target/test-classes:/Users/tiopipi/Desktop/matrix_complexity/Code/matrix_complexity_java/target/classes:/Users/tiopipi/.m2/repository/org/openjdk/jmh/jmh-core/1.35/jmh-core-1.35.jar:/Users/tiopipi/.m2/repository/net/sf/jopt-simple/jopt-simple/5.0.4/jopt-simple-5.0.4.jar:/Users/tiopipi/.m2/repository/org/apache/commons/commons-math3/3.2/commons-math3-3.2.jar:/Users/tiopipi/.m2/repository/org/openjdk/jmh/jmh-generator-annprocess/1.35/jmh-generator-annprocess-1.35.jar:"/>
    <property name="sun.cpu.endian" value="little"/>
    <property name="user.home" value="/Users/tiopipi"/>
    <property name="user.language" value="es"/>
    <property name="java.specification.vendor" value="Oracle Corporation"/>
    <property name="java.version.date" value="2024-07-16"/>
    <property name="java.home" value="/Users/tiopipi/Library/Java/JavaVirtualMachines/jbr-17.0.12/Contents/Home"/>
    <property name="file.separator" value="/"/>
    <property name="basedir" value="/Users/tiopipi/Desktop/matrix_complexity/Code/matrix_complexity_java"/>
    <property name="java.vm.compressedOopsMode" value="Zero based"/>
    <property name="line.separator" value="&#10;"/>
    <property name="java.specification.name" value="Java Platform API Specification"/>
    <property name="java.vm.specification.vendor" value="Oracle Corporation"/>
    <property name="jbr.virtualization.information" value="No virtualization detected"/>
    <property name="surefire.real.class.path" value="/Users/tiopipi/Desktop/matrix_complexity/Code/matrix_complexity_java/target/surefire/surefirebooter-20241015101753225_3.jar"/>
    <property name="sun.management.compiler" value="HotSpot 64-Bit Tiered Compilers"/>
    <property name="java.runtime.version" value="17.0.12+1-b1087.25"/>
    <property name="user.name" value="tiopipi"/>
    <property name="path.separator" value=":"/>
    <property name="os.version" value="15.0.1"/>
    <property name="java.runtime.name" value="OpenJDK Runtime Environment"/>
    <property name="file.encoding" value="US-ASCII"/>
    <property name="java.vm.name" value="OpenJDK 64-Bit Server VM"/>
    <property name="java.vendor.version" value="JBR-17.0.12+1-1087.25-nomod"/>
    <property name="localRepository" value="/Users/tiopipi/.m2/repository"/>
    <property name="java.vendor.url.bug" value="https://bugreport.java.com/bugreport/"/>
    <property name="java.io.tmpdir" value="/var/folders/1p/wfk872h916552567pgcd19qh0000gn/T/"/>
    <property name="idea.version" value="2024.1.4"/>
    <property name="java.version" value="17.0.12"/>
    <property name="user.dir" value="/Users/tiopipi/Desktop/matrix_complexity/Code/matrix_complexity_java"/>
    <property name="os.arch" value="aarch64"/>
    <property name="java.vm.specification.name" value="Java Virtual Machine Specification"/>
    <property name="native.encoding" value="US-ASCII"/>
    <property name="java.library.path" value="/Users/tiopipi/Library/Java/Extensions:/Library/Java/Extensions:/Network/Library/Java/Extensions:/System/Library/Java/Extensions:/usr/lib/java:."/>
    <property name="java.vm.info" value="mixed mode"/>
    <property name="java.vendor" value="JetBrains s.r.o."/>
    <property name="java.vm.version" value="17.0.12+1-b1087.25"/>
    <property name="sun.io.unicode.encoding" value="UnicodeBig"/>
    <property name="java.class.version" value="61.0"/>
  </properties>
</testsuite>